<?xml version="1.0" encoding="UTF-8"?>
<!-- Generated by org.testng.reporters.JUnitReportReporter -->
<testsuite hostname="hp" failures="0" tests="1" name="Testprojectclass.Testingclass" time="12.916" errors="0" timestamp="2023-09-28T18:38:21 IST" skipped="0">
  <testcase classname="Testprojectclass.Testingclass" name="verifyLoginWithValidCred" time="12.916"/>
</testsuite> <!-- Testprojectclass.Testingclass -->
